<?xml version="1.0" encoding="UTF-8"?>
<!-- Generated by org.testng.reporters.JUnitReportReporter -->
<testsuite skipped="0" hostname="Lenovo-PC" name="Automation.Selenium.Demo" tests="3" failures="0" timestamp="26 Sep 2019 11:18:31 GMT" time="61.269" errors="0">
  <testcase name="browser" time="13.938" classname="Automation.Selenium.Demo"/>
  <testcase name="sikuliMethod" time="19.573" classname="Automation.Selenium.Demo"/>
  <testcase name="cart" time="27.758" classname="Automation.Selenium.Demo"/>
</testsuite> <!-- Automation.Selenium.Demo -->
