<?xml version="1.0" encoding="UTF-8"?>
<!-- Generated by org.testng.reporters.JUnitReportReporter -->
<testsuite skipped="0" hostname="Lenovo-PC" name="Automation.Selenium.ParamClass" tests="2" failures="0" timestamp="26 Sep 2019 10:57:22 GMT" time="0.042" errors="0">
  <testcase name="methods" time="0.006" classname="Automation.Selenium.ParamClass"/>
  <testcase name="method" time="0.036" classname="Automation.Selenium.ParamClass"/>
</testsuite> <!-- Automation.Selenium.ParamClass -->
