<?xml version="1.0" encoding="UTF-8"?>
<!-- Generated by org.testng.reporters.JUnitReportReporter -->
<testsuite skipped="0" hostname="Lenovo-PC" name="Automation.Selenium.TestngDemo" tests="1" failures="0" timestamp="26 Sep 2019 10:12:56 GMT" time="0.019" errors="0">
  <testcase name="testMethod" time="0.019" classname="Automation.Selenium.TestngDemo"/>
</testsuite> <!-- Automation.Selenium.TestngDemo -->
